Flutter crash report; please file at https://github.com/flutter/flutter/issues.

## command

flutter run

## exception

HttpException: HttpException: , uri = https://storage.googleapis.com/flutter_infra/flutter/ef99738bafc08861412655ec0a84e966c98c633a/ios/artifacts.zip

```
#0      _attempt (package:flutter_tools/src/base/net.dart:71:39)
<asynchronous suspension>
#1      fetchUrl (package:flutter_tools/src/base/net.dart:22:36)
<asynchronous suspension>
#2      _downloadFile (package:flutter_tools/src/cache.dart:990:37)
<asynchronous suspension>
#3      CachedArtifact._downloadArchive.<anonymous closure> (package:flutter_tools/src/cache.dart:430:17)
<asynchronous suspension>
#4      CachedArtifact._withDownloadFile (package:flutter_tools/src/cache.dart:459:26)
<asynchronous suspension>
#5      CachedArtifact._downloadArchive (package:flutter_tools/src/cache.dart:426:12)
#6      CachedArtifact._downloadZipArchive (package:flutter_tools/src/cache.dart:446:12)
#7      EngineCachedArtifact.updateInner (package:flutter_tools/src/cache.dart:593:13)
<asynchronous suspension>
#8      CachedArtifact.update (package:flutter_tools/src/cache.dart:389:11)
<asynchronous suspension>
#9      Cache.updateAll (package:flutter_tools/src/cache.dart:310:26)
<asynchronous suspension>
#10     FlutterCommand.verifyThenRunCommand (package:flutter_tools/src/runner/flutter_command.dart:458:19)
<asynchronous suspension>
#11     FlutterCommand.run.<anonymous closure> (package:flutter_tools/src/runner/flutter_command.dart:380:33)
<asynchronous suspension>
#12     AppContext.run.<anonymous closure> (package:flutter_tools/src/base/context.dart:154:29)
<asynchronous suspension>
#13     _rootRun (dart:async/zone.dart:1124:13)
#14     _CustomZone.run (dart:async/zone.dart:1021:19)
#15     _runZoned (dart:async/zone.dart:1516:10)
#16     runZoned (dart:async/zone.dart:1463:12)
#17     AppContext.run (package:flutter_tools/src/base/context.dart:153:18)
<asynchronous suspension>
#18     FlutterCommand.run (package:flutter_tools/src/runner/flutter_command.dart:371:20)
#19     CommandRunner.runCommand (package:args/command_runner.dart:197:27)
<asynchronous suspension>
#20     FlutterCommandRunner.runCommand.<anonymous closure> (package:flutter_tools/src/runner/flutter_command_runner.dart:396:21)
<asynchronous suspension>
#21     AppContext.run.<anonymous closure> (package:flutter_tools/src/base/context.dart:154:29)
<asynchronous suspension>
#22     _rootRun (dart:async/zone.dart:1124:13)
#23     _CustomZone.run (dart:async/zone.dart:1021:19)
#24     _runZoned (dart:async/zone.dart:1516:10)
#25     runZoned (dart:async/zone.dart:1463:12)
#26     AppContext.run (package:flutter_tools/src/base/context.dart:153:18)
<asynchronous suspension>
#27     FlutterCommandRunner.runCommand (package:flutter_tools/src/runner/flutter_command_runner.dart:356:19)
<asynchronous suspension>
#28     CommandRunner.run.<anonymous closure> (package:args/command_runner.dart:112:25)
#29     new Future.sync (dart:async/future.dart:224:31)
#30     CommandRunner.run (package:args/command_runner.dart:112:14)
#31     FlutterCommandRunner.run (package:flutter_tools/src/runner/flutter_command_runner.dart:242:18)
#32     run.<anonymous closure>.<anonymous closure> (package:flutter_tools/runner.dart:62:22)
<asynchronous suspension>
#33     _rootRun (dart:async/zone.dart:1124:13)
#34     _CustomZone.run (dart:async/zone.dart:1021:19)
#35     _runZoned (dart:async/zone.dart:1516:10)
#36     runZoned (dart:async/zone.dart:1500:12)
#37     run.<anonymous closure> (package:flutter_tools/runner.dart:60:18)
<asynchronous suspension>
#38     AppContext.run.<anonymous closure> (package:flutter_tools/src/base/context.dart:154:29)
<asynchronous suspension>
#39     _rootRun (dart:async/zone.dart:1124:13)
#40     _CustomZone.run (dart:async/zone.dart:1021:19)
#41     _runZoned (dart:async/zone.dart:1516:10)
#42     runZoned (dart:async/zone.dart:1463:12)
#43     AppContext.run (package:flutter_tools/src/base/context.dart:153:18)
<asynchronous suspension>
#44     runInContext (package:flutter_tools/src/context_runner.dart:58:24)
<asynchronous suspension>
#45     run (package:flutter_tools/runner.dart:51:10)
#46     main (package:flutter_tools/executable.dart:63:9)
<asynchronous suspension>
#47     main (file:///Users/lyoung/documents/flutter/packages/flutter_tools/bin/flutter_tools.dart:8:3)
#48     _startIsolate.<anonymous closure> (dart:isolate-patch/isolate_patch.dart:303:32)
#49     _RawReceivePortImpl._handleMessage (dart:isolate-patch/isolate_patch.dart:172:12)
```

## flutter doctor

```
[32m[✓][39m Flutter (Channel master, v1.8.2-pre.165, on Mac OS X 10.14.5 18F2058, locale
    zh-Hans-CN)
    [32m•[39m Flutter version 1.8.2-pre.165 at /Users/lyoung/documents/flutter
    [32m•[39m Framework revision 53186706de (6 hours ago), 2019-07-23 23:06:40 -0400
    [32m•[39m Engine revision ef99738baf
    [32m•[39m Dart version 2.5.0 (build 2.5.0-dev.1.0 fedd74669a)

[33m[!][39m Android toolchain - develop for Android devices (Android SDK version 29.0.1)
    [32m•[39m Android SDK at /Users/lyoung/Library/Android/sdk
    [32m•[39m Android NDK location not configured (optional; useful for native profiling
      support)
    [32m•[39m Platform android-29, build-tools 29.0.1
    [32m•[39m Java binary at: /Applications/Android
      Studio.app/Contents/jre/jdk/Contents/Home/bin/java
    [32m•[39m Java version OpenJDK Runtime Environment (build
      1.8.0_152-release-1343-b01)
    [31m✗[39m Android licenses not accepted.  To resolve this, run: flutter doctor
      --android-licenses

[32m[✓][39m Xcode - develop for iOS and macOS (Xcode 10.2.1)
    [32m•[39m Xcode at /Applications/Xcode.app/Contents/Developer
    [32m•[39m Xcode 10.2.1, Build version 10E1001
    [32m•[39m CocoaPods version 1.7.4

[33m[!][39m Android Studio (version 3.4)
    [32m•[39m Android Studio at /Applications/Android Studio.app/Contents
    [31m✗[39m Flutter plugin not installed; this adds Flutter specific functionality.
    [31m✗[39m Dart plugin not installed; this adds Dart specific functionality.
    [32m•[39m Java version OpenJDK Runtime Environment (build
      1.8.0_152-release-1343-b01)

[32m[✓][39m Connected device (1 available)
    [32m•[39m iPhone Xʀ • 7BD3086D-26DD-41E7-8AEB-7315522C9059 • ios •
      com.apple.CoreSimulator.SimRuntime.iOS-12-2 (simulator)

[33m![39m Doctor found issues in 2 categories.
```
